{"C:\\Users\\Marlon\\Desktop\\EJEMPLO\\VVSoftware\\Taller 2 API Estudiantes\\app.js": {"path":"C:\\Users\\Marlon\\Desktop\\EJEMPLO\\VVSoftware\\Taller 2 API Estudiantes\\app.js","statementMap":{"0":{"start":{"line":1,"column":16},"end":{"line":1,"column":34}},"1":{"start":{"line":2,"column":19},"end":{"line":2,"column":41}},"2":{"start":{"line":3,"column":17},"end":{"line":3,"column":36}},"3":{"start":{"line":5,"column":19},"end":{"line":5,"column":49}},"4":{"start":{"line":7,"column":0},"end":{"line":7,"column":35}},"5":{"start":{"line":11,"column":15},"end":{"line":11,"column":34}},"6":{"start":{"line":12,"column":19},"end":{"line":12,"column":42}},"7":{"start":{"line":13,"column":17},"end":{"line":13,"column":36}},"8":{"start":{"line":14,"column":14},"end":{"line":14,"column":116}},"9":{"start":{"line":16,"column":2},"end":{"line":19,"column":5}},"10":{"start":{"line":20,"column":2},"end":{"line":20,"column":46}},"11":{"start":{"line":25,"column":2},"end":{"line":25,"column":36}},"12":{"start":{"line":26,"column":2},"end":{"line":26,"column":53}},"13":{"start":{"line":30,"column":12},"end":{"line":30,"column":21}},"14":{"start":{"line":33,"column":0},"end":{"line":33,"column":27}},"15":{"start":{"line":36,"column":0},"end":{"line":43,"column":3}},"16":{"start":{"line":37,"column":2},"end":{"line":42,"column":3}},"17":{"start":{"line":38,"column":24},"end":{"line":38,"column":47}},"18":{"start":{"line":39,"column":4},"end":{"line":39,"column":26}},"19":{"start":{"line":41,"column":4},"end":{"line":41,"column":49}},"20":{"start":{"line":45,"column":0},"end":{"line":52,"column":3}},"21":{"start":{"line":46,"column":2},"end":{"line":51,"column":3}},"22":{"start":{"line":47,"column":23},"end":{"line":47,"column":63}},"23":{"start":{"line":48,"column":4},"end":{"line":48,"column":25}},"24":{"start":{"line":50,"column":4},"end":{"line":50,"column":49}},"25":{"start":{"line":54,"column":0},"end":{"line":62,"column":3}},"26":{"start":{"line":55,"column":2},"end":{"line":61,"column":3}},"27":{"start":{"line":56,"column":23},"end":{"line":56,"column":58}},"28":{"start":{"line":57,"column":4},"end":{"line":57,"column":28}},"29":{"start":{"line":58,"column":4},"end":{"line":58,"column":25}},"30":{"start":{"line":60,"column":4},"end":{"line":60,"column":49}},"31":{"start":{"line":64,"column":0},"end":{"line":75,"column":3}},"32":{"start":{"line":65,"column":2},"end":{"line":74,"column":3}},"33":{"start":{"line":66,"column":23},"end":{"line":70,"column":5}},"34":{"start":{"line":71,"column":4},"end":{"line":71,"column":25}},"35":{"start":{"line":73,"column":4},"end":{"line":73,"column":49}},"36":{"start":{"line":77,"column":0},"end":{"line":84,"column":3}},"37":{"start":{"line":78,"column":2},"end":{"line":83,"column":3}},"38":{"start":{"line":79,"column":23},"end":{"line":79,"column":72}},"39":{"start":{"line":80,"column":4},"end":{"line":80,"column":25}},"40":{"start":{"line":82,"column":4},"end":{"line":82,"column":49}},"41":{"start":{"line":87,"column":0},"end":{"line":87,"column":21}}},"fnMap":{"0":{"name":"connect","decl":{"start":{"line":10,"column":15},"end":{"line":10,"column":22}},"loc":{"start":{"line":10,"column":25},"end":{"line":21,"column":1}},"line":10},"1":{"name":"close","decl":{"start":{"line":24,"column":15},"end":{"line":24,"column":20}},"loc":{"start":{"line":24,"column":23},"end":{"line":27,"column":1}},"line":24},"2":{"name":"(anonymous_2)","decl":{"start":{"line":36,"column":24},"end":{"line":36,"column":25}},"loc":{"start":{"line":36,"column":44},"end":{"line":43,"column":1}},"line":36},"3":{"name":"(anonymous_3)","decl":{"start":{"line":45,"column":28},"end":{"line":45,"column":29}},"loc":{"start":{"line":45,"column":48},"end":{"line":52,"column":1}},"line":45},"4":{"name":"(anonymous_4)","decl":{"start":{"line":54,"column":25},"end":{"line":54,"column":26}},"loc":{"start":{"line":54,"column":45},"end":{"line":62,"column":1}},"line":54},"5":{"name":"(anonymous_5)","decl":{"start":{"line":64,"column":28},"end":{"line":64,"column":29}},"loc":{"start":{"line":64,"column":48},"end":{"line":75,"column":1}},"line":64},"6":{"name":"(anonymous_6)","decl":{"start":{"line":77,"column":31},"end":{"line":77,"column":32}},"loc":{"start":{"line":77,"column":51},"end":{"line":84,"column":1}},"line":77}},"branchMap":{},"s":{"0":1,"1":1,"2":1,"3":1,"4":1,"5":0,"6":0,"7":0,"8":0,"9":0,"10":0,"11":0,"12":0,"13":1,"14":1,"15":1,"16":2,"17":2,"18":1,"19":1,"20":1,"21":2,"22":2,"23":1,"24":1,"25":1,"26":2,"27":2,"28":0,"29":0,"30":2,"31":1,"32":2,"33":2,"34":1,"35":1,"36":1,"37":2,"38":2,"39":1,"40":1,"41":1},"f":{"0":0,"1":0,"2":2,"3":2,"4":2,"5":2,"6":2},"b":{},"_coverageSchema":"1a1c01bbd47fc00a2c39e90264f33305004495a9","hash":"4faaa44645c669f3368394093cd3289bb2332a4f"}
}
