{"C:\\Users\\Marlon\\Desktop\\EJEMPLO\\VVSoftware\\Taller 2 API Estudiantes\\app.js": {"path":"C:\\Users\\Marlon\\Desktop\\EJEMPLO\\VVSoftware\\Taller 2 API Estudiantes\\app.js","statementMap":{"0":{"start":{"line":1,"column":16},"end":{"line":1,"column":34}},"1":{"start":{"line":2,"column":19},"end":{"line":2,"column":41}},"2":{"start":{"line":3,"column":13},"end":{"line":3,"column":28}},"3":{"start":{"line":4,"column":15},"end":{"line":4,"column":53}},"4":{"start":{"line":5,"column":12},"end":{"line":5,"column":21}},"5":{"start":{"line":6,"column":0},"end":{"line":6,"column":27}},"6":{"start":{"line":7,"column":0},"end":{"line":7,"column":16}},"7":{"start":{"line":8,"column":0},"end":{"line":8,"column":23}},"8":{"start":{"line":9,"column":15},"end":{"line":9,"column":19}},"9":{"start":{"line":10,"column":0},"end":{"line":10,"column":19}},"10":{"start":{"line":11,"column":0},"end":{"line":11,"column":21}}},"fnMap":{},"branchMap":{},"s":{"0":1,"1":1,"2":1,"3":1,"4":1,"5":1,"6":1,"7":1,"8":1,"9":1,"10":1},"f":{},"b":{},"_coverageSchema":"1a1c01bbd47fc00a2c39e90264f33305004495a9","hash":"ef412da3e8160d64500c8ec075e25df31dd8cbe6"}
,"C:\\Users\\Marlon\\Desktop\\EJEMPLO\\VVSoftware\\Taller 2 API Estudiantes\\routers\\estudiante.router.js": {"path":"C:\\Users\\Marlon\\Desktop\\EJEMPLO\\VVSoftware\\Taller 2 API Estudiantes\\routers\\estudiante.router.js","statementMap":{"0":{"start":{"line":1,"column":16},"end":{"line":1,"column":34}},"1":{"start":{"line":2,"column":19},"end":{"line":2,"column":50}},"2":{"start":{"line":5,"column":15},"end":{"line":5,"column":31}},"3":{"start":{"line":8,"column":0},"end":{"line":15,"column":3}},"4":{"start":{"line":9,"column":2},"end":{"line":14,"column":3}},"5":{"start":{"line":10,"column":24},"end":{"line":10,"column":47}},"6":{"start":{"line":11,"column":4},"end":{"line":11,"column":26}},"7":{"start":{"line":13,"column":4},"end":{"line":13,"column":49}},"8":{"start":{"line":17,"column":0},"end":{"line":24,"column":3}},"9":{"start":{"line":18,"column":2},"end":{"line":23,"column":3}},"10":{"start":{"line":19,"column":23},"end":{"line":19,"column":63}},"11":{"start":{"line":20,"column":4},"end":{"line":20,"column":25}},"12":{"start":{"line":22,"column":4},"end":{"line":22,"column":49}},"13":{"start":{"line":26,"column":0},"end":{"line":37,"column":3}},"14":{"start":{"line":27,"column":2},"end":{"line":36,"column":3}},"15":{"start":{"line":28,"column":23},"end":{"line":31,"column":6}},"16":{"start":{"line":32,"column":4},"end":{"line":32,"column":28}},"17":{"start":{"line":33,"column":4},"end":{"line":33,"column":25}},"18":{"start":{"line":35,"column":4},"end":{"line":35,"column":49}},"19":{"start":{"line":39,"column":0},"end":{"line":50,"column":3}},"20":{"start":{"line":40,"column":2},"end":{"line":49,"column":3}},"21":{"start":{"line":41,"column":23},"end":{"line":45,"column":5}},"22":{"start":{"line":46,"column":4},"end":{"line":46,"column":25}},"23":{"start":{"line":48,"column":4},"end":{"line":48,"column":49}},"24":{"start":{"line":52,"column":0},"end":{"line":59,"column":3}},"25":{"start":{"line":53,"column":2},"end":{"line":58,"column":3}},"26":{"start":{"line":54,"column":23},"end":{"line":54,"column":72}},"27":{"start":{"line":55,"column":4},"end":{"line":55,"column":25}},"28":{"start":{"line":57,"column":4},"end":{"line":57,"column":49}},"29":{"start":{"line":62,"column":0},"end":{"line":62,"column":28}}},"fnMap":{"0":{"name":"(anonymous_0)","decl":{"start":{"line":8,"column":27},"end":{"line":8,"column":28}},"loc":{"start":{"line":8,"column":47},"end":{"line":15,"column":1}},"line":8},"1":{"name":"(anonymous_1)","decl":{"start":{"line":17,"column":31},"end":{"line":17,"column":32}},"loc":{"start":{"line":17,"column":51},"end":{"line":24,"column":1}},"line":17},"2":{"name":"(anonymous_2)","decl":{"start":{"line":26,"column":28},"end":{"line":26,"column":29}},"loc":{"start":{"line":26,"column":48},"end":{"line":37,"column":1}},"line":26},"3":{"name":"(anonymous_3)","decl":{"start":{"line":39,"column":31},"end":{"line":39,"column":32}},"loc":{"start":{"line":39,"column":51},"end":{"line":50,"column":1}},"line":39},"4":{"name":"(anonymous_4)","decl":{"start":{"line":52,"column":34},"end":{"line":52,"column":35}},"loc":{"start":{"line":52,"column":54},"end":{"line":59,"column":1}},"line":52}},"branchMap":{},"s":{"0":1,"1":1,"2":1,"3":1,"4":3,"5":3,"6":2,"7":1,"8":1,"9":2,"10":2,"11":1,"12":1,"13":1,"14":2,"15":2,"16":0,"17":0,"18":2,"19":1,"20":2,"21":2,"22":1,"23":1,"24":1,"25":2,"26":2,"27":1,"28":1,"29":1},"f":{"0":3,"1":2,"2":2,"3":2,"4":2},"b":{},"_coverageSchema":"1a1c01bbd47fc00a2c39e90264f33305004495a9","hash":"d997a67a5e263db492dc18484ea6dfb3e6760fc6"}
}
