TN:
SF:app.js
FN:10,connect
FN:24,close
FN:36,(anonymous_2)
FN:45,(anonymous_3)
FN:54,(anonymous_4)
FN:64,(anonymous_5)
FN:77,(anonymous_6)
FNF:7
FNH:5
FNDA:0,connect
FNDA:0,close
FNDA:2,(anonymous_2)
FNDA:2,(anonymous_3)
FNDA:2,(anonymous_4)
FNDA:2,(anonymous_5)
FNDA:2,(anonymous_6)
DA:1,1
DA:2,1
DA:3,1
DA:5,1
DA:7,1
DA:11,0
DA:12,0
DA:13,0
DA:14,0
DA:16,0
DA:20,0
DA:25,0
DA:26,0
DA:30,1
DA:33,1
DA:36,1
DA:37,2
DA:38,2
DA:39,1
DA:41,1
DA:45,1
DA:46,2
DA:47,2
DA:48,1
DA:50,1
DA:54,1
DA:55,2
DA:56,2
DA:57,0
DA:58,0
DA:60,2
DA:64,1
DA:65,2
DA:66,2
DA:71,1
DA:73,1
DA:77,1
DA:78,2
DA:79,2
DA:80,1
DA:82,1
DA:87,1
LF:42
LH:32
BRF:0
BRH:0
end_of_record
