TN:
SF:app.js
FNF:0
FNH:0
DA:1,1
DA:2,1
DA:3,1
DA:4,1
DA:5,1
DA:6,1
DA:7,1
DA:8,1
DA:9,1
DA:10,1
DA:11,1
LF:11
LH:11
BRF:0
BRH:0
end_of_record
TN:
SF:routers\estudiante.router.js
FN:8,(anonymous_0)
FN:17,(anonymous_1)
FN:26,(anonymous_2)
FN:39,(anonymous_3)
FN:52,(anonymous_4)
FNF:5
FNH:5
FNDA:3,(anonymous_0)
FNDA:2,(anonymous_1)
FNDA:2,(anonymous_2)
FNDA:2,(anonymous_3)
FNDA:2,(anonymous_4)
DA:1,1
DA:2,1
DA:5,1
DA:8,1
DA:9,3
DA:10,3
DA:11,2
DA:13,1
DA:17,1
DA:18,2
DA:19,2
DA:20,1
DA:22,1
DA:26,1
DA:27,2
DA:28,2
DA:32,0
DA:33,0
DA:35,2
DA:39,1
DA:40,2
DA:41,2
DA:46,1
DA:48,1
DA:52,1
DA:53,2
DA:54,2
DA:55,1
DA:57,1
DA:62,1
LF:30
LH:28
BRF:0
BRH:0
end_of_record
